[debug] [2020-03-24T02:28:24.813Z] ----------------------------------------------------------------------
[debug] [2020-03-24T02:28:24.814Z] Command:       /usr/local/bin/node /usr/local/bin/firebase init
[debug] [2020-03-24T02:28:24.815Z] CLI Version:   7.15.0
[debug] [2020-03-24T02:28:24.815Z] Platform:      darwin
[debug] [2020-03-24T02:28:24.815Z] Node Version:  v12.16.0
[debug] [2020-03-24T02:28:24.816Z] Time:          Tue Mar 24 2020 10:28:24 GMT+0800 (Singapore Standard Time)
[debug] [2020-03-24T02:28:24.816Z] ----------------------------------------------------------------------
[debug] [2020-03-24T02:28:24.816Z] 
[debug] [2020-03-24T02:28:24.827Z] > command requires scopes: ["email","openid","https://www.googleapis.com/auth/cloudplatformprojects.readonly","https://www.googleapis.com/auth/firebase","https://www.googleapis.com/auth/cloud-platform"]
[debug] [2020-03-24T02:28:24.827Z] > authorizing via signed-in user
[info] 
     ######## #### ########  ######## ########     ###     ######  ########
     ##        ##  ##     ## ##       ##     ##  ##   ##  ##       ##
     ######    ##  ########  ######   ########  #########  ######  ######
     ##        ##  ##    ##  ##       ##     ## ##     ##       ## ##
     ##       #### ##     ## ######## ########  ##     ##  ######  ########

You're about to initialize a Firebase project in this directory:

  /Users/jsy/groceryaxios

Before we get started, keep in mind:

  * You are initializing in an existing Firebase project directory

[info] 
=== Project Setup
[info] 
[info] First, let's associate this project directory with a Firebase project.
[info] You can create multiple project aliases by running firebase use --add, 
[info] but for now we'll just set up a default project.
[info] 
[info] i  .firebaserc already has a default project, using bt3103-2020.
[debug] [2020-03-24T02:28:33.197Z] >>> HTTP REQUEST GET https://firebase.googleapis.com/v1beta1/projects/bt3103-2020  
 
[debug] [2020-03-24T02:28:34.719Z] <<< HTTP RESPONSE 403
[debug] [2020-03-24T02:28:34.720Z] <<< HTTP RESPONSE BODY
[debug] [2020-03-24T02:28:34.722Z] HTTP Error: 403, The caller does not have permission
[debug] [2020-03-24T02:28:34.765Z] FirebaseError: HTTP Error: 403, The caller does not have permission
    at module.exports (/usr/local/lib/node_modules/firebase-tools/lib/responseToError.js:38:12)
    at Request._callback (/usr/local/lib/node_modules/firebase-tools/lib/api.js:39:35)
    at Request.self.callback (/usr/local/lib/node_modules/firebase-tools/node_modules/request/request.js:185:22)
    at Request.emit (events.js:321:20)
    at Request.EventEmitter.emit (domain.js:482:12)
    at Request.<anonymous> (/usr/local/lib/node_modules/firebase-tools/node_modules/request/request.js:1154:10)
    at Request.emit (events.js:321:20)
    at Request.EventEmitter.emit (domain.js:482:12)
    at IncomingMessage.<anonymous> (/usr/local/lib/node_modules/firebase-tools/node_modules/request/request.js:1076:12)
    at Object.onceWrapper (events.js:427:28)
    at IncomingMessage.emit (events.js:333:22)
    at IncomingMessage.EventEmitter.emit (domain.js:482:12)
    at endReadableNT (_stream_readable.js:1204:12)
    at processTicksAndRejections (internal/process/task_queues.js:84:21)
[error] 
[error] Error: Failed to get Firebase project bt3103-2020. Please make sure the project exists and your account has permission to access it.
